mode: set
github.com/kachamaka/chaosgo/database/auth.go:13.72,15.16 2 1
github.com/kachamaka/chaosgo/database/auth.go:18.2,18.29 1 1
github.com/kachamaka/chaosgo/database/auth.go:22.2,23.16 2 1
github.com/kachamaka/chaosgo/database/auth.go:27.2,27.21 1 1
github.com/kachamaka/chaosgo/database/auth.go:15.16,17.3 1 0
github.com/kachamaka/chaosgo/database/auth.go:18.29,20.3 1 1
github.com/kachamaka/chaosgo/database/auth.go:23.16,25.3 1 1
github.com/kachamaka/chaosgo/database/auth.go:32.78,34.16 2 1
github.com/kachamaka/chaosgo/database/auth.go:38.2,38.20 1 1
github.com/kachamaka/chaosgo/database/auth.go:43.2,43.46 1 1
github.com/kachamaka/chaosgo/database/auth.go:48.2,50.16 3 1
github.com/kachamaka/chaosgo/database/auth.go:55.2,57.16 2 1
github.com/kachamaka/chaosgo/database/auth.go:34.16,37.3 2 0
github.com/kachamaka/chaosgo/database/auth.go:38.20,41.3 2 1
github.com/kachamaka/chaosgo/database/auth.go:43.46,46.3 2 0
github.com/kachamaka/chaosgo/database/auth.go:50.16,53.3 2 0
github.com/kachamaka/chaosgo/database/auth.go:61.67,63.16 2 1
github.com/kachamaka/chaosgo/database/auth.go:67.2,67.29 1 1
github.com/kachamaka/chaosgo/database/auth.go:71.2,71.19 1 1
github.com/kachamaka/chaosgo/database/auth.go:63.16,65.3 1 0
github.com/kachamaka/chaosgo/database/auth.go:67.29,69.3 1 1
github.com/kachamaka/chaosgo/database/common.go:15.49,17.9 2 1
github.com/kachamaka/chaosgo/database/common.go:20.2,20.22 1 1
github.com/kachamaka/chaosgo/database/common.go:17.9,19.3 1 0
github.com/kachamaka/chaosgo/database/common.go:25.70,27.16 2 1
github.com/kachamaka/chaosgo/database/common.go:30.2,31.16 2 1
github.com/kachamaka/chaosgo/database/common.go:34.2,34.32 1 1
github.com/kachamaka/chaosgo/database/common.go:27.16,29.3 1 0
github.com/kachamaka/chaosgo/database/common.go:31.16,33.3 1 0
github.com/kachamaka/chaosgo/database/common.go:38.77,42.25 4 1
github.com/kachamaka/chaosgo/database/common.go:46.2,48.16 3 1
github.com/kachamaka/chaosgo/database/common.go:52.2,52.18 1 1
github.com/kachamaka/chaosgo/database/common.go:42.25,44.3 1 0
github.com/kachamaka/chaosgo/database/common.go:48.16,50.3 1 0
github.com/kachamaka/chaosgo/database/common.go:56.67,60.42 4 1
github.com/kachamaka/chaosgo/database/common.go:63.2,63.25 1 1
github.com/kachamaka/chaosgo/database/common.go:67.2,69.16 3 1
github.com/kachamaka/chaosgo/database/common.go:73.2,73.18 1 1
github.com/kachamaka/chaosgo/database/common.go:60.42,62.3 1 1
github.com/kachamaka/chaosgo/database/common.go:63.25,65.3 1 0
github.com/kachamaka/chaosgo/database/common.go:69.16,71.3 1 0
github.com/kachamaka/chaosgo/database/database.go:53.22,54.17 1 0
github.com/kachamaka/chaosgo/database/database.go:58.2,58.13 1 0
github.com/kachamaka/chaosgo/database/database.go:54.17,57.3 1 0
github.com/kachamaka/chaosgo/database/database.go:62.72,64.2 1 1
github.com/kachamaka/chaosgo/database/database.go:67.74,69.16 2 1
github.com/kachamaka/chaosgo/database/database.go:74.2,74.17 1 1
github.com/kachamaka/chaosgo/database/database.go:69.16,72.3 2 0
github.com/kachamaka/chaosgo/database/database.go:78.34,80.2 1 0
github.com/kachamaka/chaosgo/database/database.go:83.99,86.16 3 1
github.com/kachamaka/chaosgo/database/database.go:90.2,90.19 1 1
github.com/kachamaka/chaosgo/database/database.go:94.2,95.21 2 1
github.com/kachamaka/chaosgo/database/database.go:86.16,89.3 2 0
github.com/kachamaka/chaosgo/database/database.go:90.19,92.3 1 0
github.com/kachamaka/chaosgo/database/events.go:14.71,20.42 5 1
github.com/kachamaka/chaosgo/database/events.go:35.2,35.12 1 1
github.com/kachamaka/chaosgo/database/events.go:20.42,26.17 3 1
github.com/kachamaka/chaosgo/database/events.go:26.17,29.4 2 0
github.com/kachamaka/chaosgo/database/events.go:30.8,30.32 1 1
github.com/kachamaka/chaosgo/database/events.go:30.32,33.3 2 0
github.com/kachamaka/chaosgo/database/events.go:39.87,44.42 4 1
github.com/kachamaka/chaosgo/database/events.go:52.2,53.16 2 1
github.com/kachamaka/chaosgo/database/events.go:58.2,58.12 1 1
github.com/kachamaka/chaosgo/database/events.go:44.42,47.3 2 0
github.com/kachamaka/chaosgo/database/events.go:47.8,47.32 1 1
github.com/kachamaka/chaosgo/database/events.go:47.32,50.3 2 0
github.com/kachamaka/chaosgo/database/events.go:53.16,56.3 2 0
github.com/kachamaka/chaosgo/database/events.go:62.70,68.42 5 1
github.com/kachamaka/chaosgo/database/events.go:76.2,76.12 1 1
github.com/kachamaka/chaosgo/database/events.go:68.42,71.3 2 0
github.com/kachamaka/chaosgo/database/events.go:71.8,71.32 1 1
github.com/kachamaka/chaosgo/database/events.go:71.32,74.3 2 0
github.com/kachamaka/chaosgo/database/reminders.go:17.44,24.2 5 1
github.com/kachamaka/chaosgo/database/reminders.go:27.65,30.16 3 1
github.com/kachamaka/chaosgo/database/reminders.go:35.2,35.12 1 1
github.com/kachamaka/chaosgo/database/reminders.go:30.16,33.3 2 0
github.com/kachamaka/chaosgo/database/reminders.go:39.59,50.9 9 1
github.com/kachamaka/chaosgo/database/reminders.go:54.2,56.16 3 1
github.com/kachamaka/chaosgo/database/reminders.go:62.2,63.16 2 1
github.com/kachamaka/chaosgo/database/reminders.go:68.2,69.12 2 1
github.com/kachamaka/chaosgo/database/reminders.go:50.9,52.3 1 0
github.com/kachamaka/chaosgo/database/reminders.go:56.16,59.3 2 0
github.com/kachamaka/chaosgo/database/reminders.go:63.16,66.3 2 0
github.com/kachamaka/chaosgo/database/reminders.go:73.37,76.16 3 1
github.com/kachamaka/chaosgo/database/reminders.go:81.2,83.16 3 1
github.com/kachamaka/chaosgo/database/reminders.go:87.2,87.37 1 1
github.com/kachamaka/chaosgo/database/reminders.go:76.16,79.3 2 0
github.com/kachamaka/chaosgo/database/reminders.go:83.16,86.3 2 0
github.com/kachamaka/chaosgo/database/reminders.go:87.37,88.40 1 1
github.com/kachamaka/chaosgo/database/reminders.go:88.40,90.38 1 1
github.com/kachamaka/chaosgo/database/reminders.go:90.38,92.19 2 1
github.com/kachamaka/chaosgo/database/reminders.go:92.19,94.6 1 0
github.com/kachamaka/chaosgo/database/reminders.go:96.9,97.38 1 0
github.com/kachamaka/chaosgo/database/reminders.go:97.38,99.19 2 0
github.com/kachamaka/chaosgo/database/reminders.go:99.19,101.6 1 0
github.com/kachamaka/chaosgo/database/reminders.go:108.68,112.16 3 1
github.com/kachamaka/chaosgo/database/reminders.go:117.2,118.12 2 1
github.com/kachamaka/chaosgo/database/reminders.go:112.16,115.3 2 0
